2016-12-30 22:53:40 [scrapy] INFO: Scrapy 1.1.2 started (bot: xinhuaNewsSpider)
2016-12-30 22:53:40 [scrapy] INFO: Overridden settings: {'CONCURRENT_REQUESTS': 5000, 'NEWSPIDER_MODULE': 'xinhuaNewsSpider.spiders', 'USER_AGENT': '', 'LOG_FILE': 'xinhuaNewsSpider/logs/scrapy.log', 'BOT_NAME': 'xinhuaNewsSpider', 'AUTOTHROTTLE_TARGET_CONCURRENCY': 10.0, 'AUTOTHROTTLE_ENABLED': True, 'LOG_STDOUT': True, 'AUTOTHROTTLE_START_DELAY': 0.25, 'AUTOTHROTTLE_DEBUG': True, 'COOKIES_ENABLED': False, 'CONCURRENT_ITEMS': 3000, 'SPIDER_MODULES': ['xinhuaNewsSpider.spiders']}
2016-12-30 22:53:40 [scrapy] INFO: Enabled extensions:
['scrapy.extensions.telnet.TelnetConsole',
 'scrapy.extensions.corestats.CoreStats',
 'scrapy.extensions.throttle.AutoThrottle',
 'scrapy.extensions.logstats.LogStats']
2016-12-30 22:53:40 [py.warnings] WARNING: C:\Python34\lib\site-packages\scrapy\utils\deprecate.py:156: ScrapyDeprecationWarning: `scrapy.contrib.downloadermiddleware.useragent.UserAgentMiddleware` class is deprecated, use `scrapy.downloadermiddlewares.useragent.UserAgentMiddleware` instead
  ScrapyDeprecationWarning)

2016-12-30 22:53:41 [scrapy] INFO: Enabled downloader middlewares:
['scrapy.downloadermiddlewares.httpauth.HttpAuthMiddleware',
 'scrapy.downloadermiddlewares.downloadtimeout.DownloadTimeoutMiddleware',
 'scrapy.downloadermiddlewares.retry.RetryMiddleware',
 'xinhuaNewsSpider.middlewares.rotate_useragent.RotateUserAgentMiddleware',
 'scrapy.downloadermiddlewares.defaultheaders.DefaultHeadersMiddleware',
 'scrapy.downloadermiddlewares.redirect.MetaRefreshMiddleware',
 'scrapy.downloadermiddlewares.httpcompression.HttpCompressionMiddleware',
 'scrapy.downloadermiddlewares.redirect.RedirectMiddleware',
 'scrapy.downloadermiddlewares.chunked.ChunkedTransferMiddleware',
 'scrapy.downloadermiddlewares.stats.DownloaderStats']
2016-12-30 22:53:41 [scrapy] INFO: Enabled spider middlewares:
['scrapy.spidermiddlewares.httperror.HttpErrorMiddleware',
 'scrapy.spidermiddlewares.offsite.OffsiteMiddleware',
 'scrapy.spidermiddlewares.referer.RefererMiddleware',
 'scrapy.spidermiddlewares.urllength.UrlLengthMiddleware',
 'scrapy.spidermiddlewares.depth.DepthMiddleware']
2016-12-30 22:53:41 [scrapy] INFO: Enabled item pipelines:
[]
2016-12-30 22:53:41 [scrapy] INFO: Spider opened
2016-12-30 22:53:41 [scrapy] INFO: Crawled 0 pages (at 0 pages/min), scraped 0 items (at 0 items/min)
2016-12-30 22:53:41 [scrapy] DEBUG: Telnet console listening on 127.0.0.1:6023
2016-12-30 22:53:41 [scrapy] INFO: slot: news.xinhuanet.com | conc: 1 | delay:  144 ms (-105) | latency:  389 ms | size:  4013 bytes
2016-12-30 22:53:41 [scrapy] DEBUG: Crawled (200) <GET http://news.xinhuanet.com/english/2006-12/24/content_5525019.htm> (referer: None)
2016-12-30 22:54:07 [scrapy] INFO: Scrapy 1.1.2 started (bot: xinhuaNewsSpider)
2016-12-30 22:54:07 [scrapy] INFO: Overridden settings: {'CONCURRENT_ITEMS': 3000, 'COOKIES_ENABLED': False, 'BOT_NAME': 'xinhuaNewsSpider', 'SPIDER_MODULES': ['xinhuaNewsSpider.spiders'], 'NEWSPIDER_MODULE': 'xinhuaNewsSpider.spiders', 'AUTOTHROTTLE_START_DELAY': 0.25, 'CONCURRENT_REQUESTS': 5000, 'USER_AGENT': '', 'AUTOTHROTTLE_TARGET_CONCURRENCY': 10.0, 'AUTOTHROTTLE_ENABLED': True, 'LOG_FILE': 'xinhuaNewsSpider/logs/scrapy.log', 'LOG_STDOUT': True, 'AUTOTHROTTLE_DEBUG': True}
2016-12-30 22:54:07 [scrapy] INFO: Enabled extensions:
['scrapy.extensions.telnet.TelnetConsole',
 'scrapy.extensions.corestats.CoreStats',
 'scrapy.extensions.logstats.LogStats',
 'scrapy.extensions.throttle.AutoThrottle']
2016-12-30 22:54:07 [py.warnings] WARNING: C:\Python34\lib\site-packages\scrapy\utils\deprecate.py:156: ScrapyDeprecationWarning: `scrapy.contrib.downloadermiddleware.useragent.UserAgentMiddleware` class is deprecated, use `scrapy.downloadermiddlewares.useragent.UserAgentMiddleware` instead
  ScrapyDeprecationWarning)

2016-12-30 22:54:07 [scrapy] INFO: Enabled downloader middlewares:
['scrapy.downloadermiddlewares.httpauth.HttpAuthMiddleware',
 'scrapy.downloadermiddlewares.downloadtimeout.DownloadTimeoutMiddleware',
 'scrapy.downloadermiddlewares.retry.RetryMiddleware',
 'xinhuaNewsSpider.middlewares.rotate_useragent.RotateUserAgentMiddleware',
 'scrapy.downloadermiddlewares.defaultheaders.DefaultHeadersMiddleware',
 'scrapy.downloadermiddlewares.redirect.MetaRefreshMiddleware',
 'scrapy.downloadermiddlewares.httpcompression.HttpCompressionMiddleware',
 'scrapy.downloadermiddlewares.redirect.RedirectMiddleware',
 'scrapy.downloadermiddlewares.chunked.ChunkedTransferMiddleware',
 'scrapy.downloadermiddlewares.stats.DownloaderStats']
2016-12-30 22:54:07 [scrapy] INFO: Enabled spider middlewares:
['scrapy.spidermiddlewares.httperror.HttpErrorMiddleware',
 'scrapy.spidermiddlewares.offsite.OffsiteMiddleware',
 'scrapy.spidermiddlewares.referer.RefererMiddleware',
 'scrapy.spidermiddlewares.urllength.UrlLengthMiddleware',
 'scrapy.spidermiddlewares.depth.DepthMiddleware']
2016-12-30 22:54:07 [scrapy] INFO: Enabled item pipelines:
[]
2016-12-30 22:54:07 [scrapy] INFO: Spider opened
2016-12-30 22:54:07 [scrapy] INFO: Crawled 0 pages (at 0 pages/min), scraped 0 items (at 0 items/min)
2016-12-30 22:54:07 [scrapy] DEBUG: Telnet console listening on 127.0.0.1:6023
2016-12-30 22:54:08 [scrapy] INFO: slot: news.xinhuanet.com | conc: 1 | delay:  129 ms (-120) | latency:   81 ms | size:  4013 bytes
2016-12-30 22:54:08 [scrapy] DEBUG: Crawled (200) <GET http://news.xinhuanet.com/english/2006-12/24/content_5525019.htm> (referer: None)
2016-12-30 22:56:32 [scrapy] INFO: Scrapy 1.1.2 started (bot: xinhuaNewsSpider)
2016-12-30 22:56:32 [scrapy] INFO: Overridden settings: {'CONCURRENT_ITEMS': 3000, 'COOKIES_ENABLED': False, 'AUTOTHROTTLE_START_DELAY': 0.25, 'BOT_NAME': 'xinhuaNewsSpider', 'SPIDER_MODULES': ['xinhuaNewsSpider.spiders'], 'LOG_FILE': 'xinhuaNewsSpider/logs/scrapy.log', 'AUTOTHROTTLE_ENABLED': True, 'CONCURRENT_REQUESTS': 5000, 'LOG_STDOUT': True, 'AUTOTHROTTLE_TARGET_CONCURRENCY': 10.0, 'NEWSPIDER_MODULE': 'xinhuaNewsSpider.spiders', 'USER_AGENT': '', 'AUTOTHROTTLE_DEBUG': True}
2016-12-30 22:56:32 [scrapy] INFO: Enabled extensions:
['scrapy.extensions.corestats.CoreStats',
 'scrapy.extensions.logstats.LogStats',
 'scrapy.extensions.throttle.AutoThrottle',
 'scrapy.extensions.telnet.TelnetConsole']
2016-12-30 22:56:32 [py.warnings] WARNING: C:\Python34\lib\site-packages\scrapy\utils\deprecate.py:156: ScrapyDeprecationWarning: `scrapy.contrib.downloadermiddleware.useragent.UserAgentMiddleware` class is deprecated, use `scrapy.downloadermiddlewares.useragent.UserAgentMiddleware` instead
  ScrapyDeprecationWarning)

2016-12-30 22:56:32 [scrapy] INFO: Enabled downloader middlewares:
['scrapy.downloadermiddlewares.httpauth.HttpAuthMiddleware',
 'scrapy.downloadermiddlewares.downloadtimeout.DownloadTimeoutMiddleware',
 'scrapy.downloadermiddlewares.retry.RetryMiddleware',
 'xinhuaNewsSpider.middlewares.rotate_useragent.RotateUserAgentMiddleware',
 'scrapy.downloadermiddlewares.defaultheaders.DefaultHeadersMiddleware',
 'scrapy.downloadermiddlewares.redirect.MetaRefreshMiddleware',
 'scrapy.downloadermiddlewares.httpcompression.HttpCompressionMiddleware',
 'scrapy.downloadermiddlewares.redirect.RedirectMiddleware',
 'scrapy.downloadermiddlewares.chunked.ChunkedTransferMiddleware',
 'scrapy.downloadermiddlewares.stats.DownloaderStats']
2016-12-30 22:56:50 [scrapy] INFO: Scrapy 1.1.2 started (bot: xinhuaNewsSpider)
2016-12-30 22:56:50 [scrapy] INFO: Overridden settings: {'AUTOTHROTTLE_DEBUG': True, 'AUTOTHROTTLE_START_DELAY': 0.25, 'LOG_STDOUT': True, 'AUTOTHROTTLE_ENABLED': True, 'NEWSPIDER_MODULE': 'xinhuaNewsSpider.spiders', 'COOKIES_ENABLED': False, 'CONCURRENT_ITEMS': 3000, 'CONCURRENT_REQUESTS': 5000, 'SPIDER_MODULES': ['xinhuaNewsSpider.spiders'], 'USER_AGENT': '', 'AUTOTHROTTLE_TARGET_CONCURRENCY': 10.0, 'BOT_NAME': 'xinhuaNewsSpider', 'LOG_FILE': 'xinhuaNewsSpider/logs/scrapy.log'}
2016-12-30 22:56:50 [scrapy] INFO: Enabled extensions:
['scrapy.extensions.telnet.TelnetConsole',
 'scrapy.extensions.logstats.LogStats',
 'scrapy.extensions.throttle.AutoThrottle',
 'scrapy.extensions.corestats.CoreStats']
2016-12-30 22:56:50 [py.warnings] WARNING: C:\Python34\lib\site-packages\scrapy\utils\deprecate.py:156: ScrapyDeprecationWarning: `scrapy.contrib.downloadermiddleware.useragent.UserAgentMiddleware` class is deprecated, use `scrapy.downloadermiddlewares.useragent.UserAgentMiddleware` instead
  ScrapyDeprecationWarning)

2016-12-30 22:56:50 [scrapy] INFO: Enabled downloader middlewares:
['scrapy.downloadermiddlewares.httpauth.HttpAuthMiddleware',
 'scrapy.downloadermiddlewares.downloadtimeout.DownloadTimeoutMiddleware',
 'scrapy.downloadermiddlewares.retry.RetryMiddleware',
 'xinhuaNewsSpider.middlewares.rotate_useragent.RotateUserAgentMiddleware',
 'scrapy.downloadermiddlewares.defaultheaders.DefaultHeadersMiddleware',
 'scrapy.downloadermiddlewares.redirect.MetaRefreshMiddleware',
 'scrapy.downloadermiddlewares.httpcompression.HttpCompressionMiddleware',
 'scrapy.downloadermiddlewares.redirect.RedirectMiddleware',
 'scrapy.downloadermiddlewares.chunked.ChunkedTransferMiddleware',
 'scrapy.downloadermiddlewares.stats.DownloaderStats']
2016-12-30 22:56:50 [scrapy] INFO: Enabled spider middlewares:
['scrapy.spidermiddlewares.httperror.HttpErrorMiddleware',
 'scrapy.spidermiddlewares.offsite.OffsiteMiddleware',
 'scrapy.spidermiddlewares.referer.RefererMiddleware',
 'scrapy.spidermiddlewares.urllength.UrlLengthMiddleware',
 'scrapy.spidermiddlewares.depth.DepthMiddleware']
2016-12-30 22:56:50 [scrapy] INFO: Enabled item pipelines:
[]
2016-12-30 22:56:50 [scrapy] INFO: Spider opened
2016-12-30 22:56:50 [scrapy] INFO: Crawled 0 pages (at 0 pages/min), scraped 0 items (at 0 items/min)
2016-12-30 22:56:50 [scrapy] DEBUG: Telnet console listening on 127.0.0.1:6023
2016-12-30 22:56:51 [scrapy] INFO: slot: news.xinhuanet.com | conc: 1 | delay:  129 ms (-120) | latency:   80 ms | size:  4013 bytes
2016-12-30 22:56:51 [scrapy] DEBUG: Crawled (200) <GET http://news.xinhuanet.com/english/2006-12/24/content_5525019.htm> (referer: None)
2016-12-30 23:01:35 [scrapy] INFO: Crawled 1 pages (at 1 pages/min), scraped 0 items (at 0 items/min)
2016-12-30 23:01:35 [scrapy] DEBUG: Scraped from <200 http://news.xinhuanet.com/english/2006-12/24/content_5525019.htm>
{'content': '\r\n'
            '                          \r\n'
            '\r\n'
            '\r\n'
            '\r\n'
            '  \r\n'
            '  \r\n'
            '    \r\n'
            '  \r\n'
            '    \r\n'
            '      Israeli Prime Minister Ehud Olmert (R) \r\n'
            '      shakes hands with Palestinian\xa0President Mahmoud Abbas. '
            'A long-awaited \r\n'
            '      summit between Israeli Prime Minister Ehud Olmert and '
            'Palestinian National \r\n'
            '      Authority Chairman Mahmoud Abbas ended Saturday night at '
            "Olmert's \r\n"
            '      residence in Jerusalem, Dec. 23, 2006.\xa0 (Xinhua '
            'Photo)Photo Gallery \r\n'
            '>>>\r\n'
            '\xa0\xa0\xa0\xa0RAMALLAH, Dec. 23 (Xinhua) -- Chief '
            'Palestinian \r\n'
            'negotiator Saeb Erekat said Saturday night that a meeting held '
            'earlier between \r\n'
            'President Mahmoud Abbas and Israeli Prime Minister Ehud Olmert '
            '"was deep and \r\n'
            'positive."\r\n'
            '\xa0\xa0\xa0\xa0Abbas met with Olmert in West Jerusalem to '
            'discuss \r\n'
            'political, security and financial issues. \r\n'
            '\xa0\xa0\xa0\xa0Erekat told a news conference in Ramallah after '
            'the \r\n'
            'two-hour meeting that the meeting was held after almost one '
            'year of \r\n'
            'disconnection of ties between the two sides.\r\n'
            '\xa0\xa0\xa0\xa0"We demanded in the past that we would not '
            'want \r\n'
            'meetings for photo opportunity. There were serious and '
            'intensive preparations \r\n'
            'for this meeting, without raising expectations, but the meeting '
            'was deep and \r\n'
            'good," Erekat said. \r\n'
            '\xa0\xa0\xa0\xa0He said that during the meeting, Abbas '
            'presented all \r\n'
            'meaningful issues related to reviving the stalled peace process '
            'by ending \r\n'
            'occupation and implementing the roadmap peace plan and the Arab '
            'peace \r\n'
            'initiative.\r\n'
            '\xa0\xa0\xa0\xa0"We agreed not to take any action that '
            'precedes \r\n'
            'results of the talks," Erekat said, adding "we talked seriously '
            'about \r\n'
            'settlements near Jerusalem and their side effect on the economy '
            "and the people's \r\n"
            'sense of security."\r\n'
            '\xa0\xa0\xa0\xa0Erekat said that the issue of prisoners in '
            'Israeli \r\n'
            'jails was also discussed, adding "President Abbas presented '
            'documents to prove \r\n'
            'that this issue is touching the nerve and hearts of the '
            'Palestinian people."\r\n'
            '\xa0\xa0\xa0\xa0"President Abbas asked Olmert to free 65 '
            'prisoners \r\n'
            'who had beenin Israeli jails for more than 25 years, in '
            'addition of another 268 \r\n'
            'prisoners who had been in prison since the signing of the Oslo '
            'Peace Accords in \r\n'
            '1993," Erekat said.\r\n'
            '\xa0\xa0\xa0\xa0He said that Abbas and Olmert decided to form a '
            'joint \r\n'
            'committee to determine the criteria to be followed in releasing '
            'prisoners from \r\n'
            'Israeli jails, including Hamas ministers and lawmakers.\r\n'
            '\xa0\xa0\xa0\xa0Erekat said that Olmert agreed to unfreeze '
            'within the \r\n'
            'coming few days 100 million U.S. dollars of Palestinian tax '
            'revenues "for \r\n'
            'humanitarian reasons."\r\n'
            '\xa0\xa0\xa0\xa0He said that it was agreed that another\xa0'
            'one \r\n'
            'million dollars will be sent to Palestinian hospitals in East '
            'Jerusalem, adding \r\n'
            '"we hope that this would happen as soon as possible."\r\n'
            '\xa0\xa0\xa0\xa0As for the question of calm, Erekat said '
            'that \r\n'
            'President Abbas told Olmert that it was necessary to extend a '
            'ceasefire between \r\n'
            'Palestinian militant groups and Israel to the West Bank. The '
            'ceasefire was \r\n'
            'temporarily applicable in the Gaza Strip. \r\n'
            '\xa0\xa0\xa0\xa0Erekat said that the two leaders agreed to hold '
            'more meetings in the near future to discuss vital issues. ',
 'editor': '',
 'key_words': '',
 'path_href': '',
 'path_text': '',
 'picture_urls': ['http://news.xinhuanet.com/english/2006-12/24/xinsrc_07212032408497031280020.jpg'],
 'source': '',
 'title': 'Xinhua - English',
 'url': 'http://news.xinhuanet.com/english/2006-12/24/content_5525019.htm'}
2016-12-30 23:01:35 [scrapy] INFO: Closing spider (finished)
2016-12-30 23:01:35 [scrapy] INFO: Dumping Scrapy stats:
{'downloader/request_bytes': 416,
 'downloader/request_count': 1,
 'downloader/request_method_count/GET': 1,
 'downloader/response_bytes': 4352,
 'downloader/response_count': 1,
 'downloader/response_status_count/200': 1,
 'finish_reason': 'finished',
 'finish_time': datetime.datetime(2016, 12, 30, 15, 1, 35, 430837),
 'item_scraped_count': 1,
 'log_count/DEBUG': 3,
 'log_count/INFO': 9,
 'log_count/WARNING': 1,
 'response_received_count': 1,
 'scheduler/dequeued': 1,
 'scheduler/dequeued/memory': 1,
 'scheduler/enqueued': 1,
 'scheduler/enqueued/memory': 1,
 'start_time': datetime.datetime(2016, 12, 30, 14, 56, 50, 977064)}
2016-12-30 23:01:35 [scrapy] INFO: Spider closed (finished)
2016-12-30 23:07:23 [scrapy] INFO: Scrapy 1.1.2 started (bot: xinhuaNewsSpider)
2016-12-30 23:07:23 [scrapy] INFO: Overridden settings: {'CONCURRENT_ITEMS': 3000, 'LOG_FILE': 'xinhuaNewsSpider/logs/scrapy.log', 'AUTOTHROTTLE_TARGET_CONCURRENCY': 10.0, 'SPIDER_MODULES': ['xinhuaNewsSpider.spiders'], 'AUTOTHROTTLE_START_DELAY': 0.25, 'USER_AGENT': '', 'COOKIES_ENABLED': False, 'LOG_STDOUT': True, 'AUTOTHROTTLE_DEBUG': True, 'CONCURRENT_REQUESTS': 5000, 'BOT_NAME': 'xinhuaNewsSpider', 'AUTOTHROTTLE_ENABLED': True, 'NEWSPIDER_MODULE': 'xinhuaNewsSpider.spiders'}
2016-12-30 23:07:23 [scrapy] INFO: Enabled extensions:
['scrapy.extensions.corestats.CoreStats',
 'scrapy.extensions.logstats.LogStats',
 'scrapy.extensions.throttle.AutoThrottle',
 'scrapy.extensions.telnet.TelnetConsole']
2016-12-30 23:07:23 [py.warnings] WARNING: C:\Python34\lib\site-packages\scrapy\utils\deprecate.py:156: ScrapyDeprecationWarning: `scrapy.contrib.downloadermiddleware.useragent.UserAgentMiddleware` class is deprecated, use `scrapy.downloadermiddlewares.useragent.UserAgentMiddleware` instead
  ScrapyDeprecationWarning)

2016-12-30 23:07:23 [scrapy] INFO: Enabled downloader middlewares:
['scrapy.downloadermiddlewares.httpauth.HttpAuthMiddleware',
 'scrapy.downloadermiddlewares.downloadtimeout.DownloadTimeoutMiddleware',
 'scrapy.downloadermiddlewares.retry.RetryMiddleware',
 'xinhuaNewsSpider.middlewares.rotate_useragent.RotateUserAgentMiddleware',
 'scrapy.downloadermiddlewares.defaultheaders.DefaultHeadersMiddleware',
 'scrapy.downloadermiddlewares.redirect.MetaRefreshMiddleware',
 'scrapy.downloadermiddlewares.httpcompression.HttpCompressionMiddleware',
 'scrapy.downloadermiddlewares.redirect.RedirectMiddleware',
 'scrapy.downloadermiddlewares.chunked.ChunkedTransferMiddleware',
 'scrapy.downloadermiddlewares.stats.DownloaderStats']
2016-12-30 23:07:23 [scrapy] INFO: Enabled spider middlewares:
['scrapy.spidermiddlewares.httperror.HttpErrorMiddleware',
 'scrapy.spidermiddlewares.offsite.OffsiteMiddleware',
 'scrapy.spidermiddlewares.referer.RefererMiddleware',
 'scrapy.spidermiddlewares.urllength.UrlLengthMiddleware',
 'scrapy.spidermiddlewares.depth.DepthMiddleware']
2016-12-30 23:07:23 [scrapy] INFO: Enabled item pipelines:
[]
2016-12-30 23:07:23 [scrapy] INFO: Spider opened
2016-12-30 23:07:23 [scrapy] INFO: Crawled 0 pages (at 0 pages/min), scraped 0 items (at 0 items/min)
2016-12-30 23:07:23 [scrapy] DEBUG: Telnet console listening on 127.0.0.1:6023
2016-12-30 23:07:23 [scrapy] INFO: slot: portuguese.xinhuanet.com | conc: 1 | delay:  126 ms (-123) | latency:   36 ms | size:  5821 bytes
2016-12-30 23:07:23 [scrapy] DEBUG: Crawled (200) <GET http://portuguese.xinhuanet.com/2016-12/30/c_135945126.htm> (referer: None)
2016-12-30 23:11:31 [scrapy] INFO: Scrapy 1.1.2 started (bot: xinhuaNewsSpider)
2016-12-30 23:11:31 [scrapy] INFO: Overridden settings: {'BOT_NAME': 'xinhuaNewsSpider', 'COOKIES_ENABLED': False, 'LOG_STDOUT': True, 'AUTOTHROTTLE_DEBUG': True, 'NEWSPIDER_MODULE': 'xinhuaNewsSpider.spiders', 'AUTOTHROTTLE_START_DELAY': 0.25, 'SPIDER_MODULES': ['xinhuaNewsSpider.spiders'], 'AUTOTHROTTLE_TARGET_CONCURRENCY': 10.0, 'CONCURRENT_ITEMS': 3000, 'USER_AGENT': '', 'AUTOTHROTTLE_ENABLED': True, 'LOG_FILE': 'xinhuaNewsSpider/logs/scrapy.log', 'CONCURRENT_REQUESTS': 5000}
2016-12-30 23:11:31 [scrapy] INFO: Enabled extensions:
['scrapy.extensions.corestats.CoreStats',
 'scrapy.extensions.throttle.AutoThrottle',
 'scrapy.extensions.logstats.LogStats',
 'scrapy.extensions.telnet.TelnetConsole']
2016-12-30 23:11:31 [py.warnings] WARNING: C:\Python34\lib\site-packages\scrapy\utils\deprecate.py:156: ScrapyDeprecationWarning: `scrapy.contrib.downloadermiddleware.useragent.UserAgentMiddleware` class is deprecated, use `scrapy.downloadermiddlewares.useragent.UserAgentMiddleware` instead
  ScrapyDeprecationWarning)

2016-12-30 23:11:31 [scrapy] INFO: Enabled downloader middlewares:
['scrapy.downloadermiddlewares.httpauth.HttpAuthMiddleware',
 'scrapy.downloadermiddlewares.downloadtimeout.DownloadTimeoutMiddleware',
 'scrapy.downloadermiddlewares.retry.RetryMiddleware',
 'xinhuaNewsSpider.middlewares.rotate_useragent.RotateUserAgentMiddleware',
 'scrapy.downloadermiddlewares.defaultheaders.DefaultHeadersMiddleware',
 'scrapy.downloadermiddlewares.redirect.MetaRefreshMiddleware',
 'scrapy.downloadermiddlewares.httpcompression.HttpCompressionMiddleware',
 'scrapy.downloadermiddlewares.redirect.RedirectMiddleware',
 'scrapy.downloadermiddlewares.chunked.ChunkedTransferMiddleware',
 'scrapy.downloadermiddlewares.stats.DownloaderStats']
2016-12-30 23:11:31 [scrapy] INFO: Enabled spider middlewares:
['scrapy.spidermiddlewares.httperror.HttpErrorMiddleware',
 'scrapy.spidermiddlewares.offsite.OffsiteMiddleware',
 'scrapy.spidermiddlewares.referer.RefererMiddleware',
 'scrapy.spidermiddlewares.urllength.UrlLengthMiddleware',
 'scrapy.spidermiddlewares.depth.DepthMiddleware']
2016-12-30 23:11:31 [scrapy] INFO: Enabled item pipelines:
[]
2016-12-30 23:11:31 [scrapy] INFO: Spider opened
2016-12-30 23:11:32 [scrapy] INFO: Crawled 0 pages (at 0 pages/min), scraped 0 items (at 0 items/min)
2016-12-30 23:11:32 [scrapy] DEBUG: Telnet console listening on 127.0.0.1:6023
2016-12-30 23:11:32 [scrapy] INFO: slot: news.xinhuanet.com | conc: 1 | delay:  135 ms (-114) | latency:  202 ms | size:  6112 bytes
2016-12-30 23:11:32 [scrapy] DEBUG: Crawled (200) <GET http://news.xinhuanet.com/fortune/2016-12/30/c_129426017.htm> (referer: None)
2017-11-22 22:57:23 [scrapy] INFO: Scrapy 1.1.2 started (bot: xinhuaNewsSpider)
2017-11-22 22:57:23 [scrapy] INFO: Overridden settings: {'AUTOTHROTTLE_TARGET_CONCURRENCY': 10.0, 'SPIDER_MODULES': ['xinhuaNewsSpider.spiders'], 'AUTOTHROTTLE_ENABLED': True, 'NEWSPIDER_MODULE': 'xinhuaNewsSpider.spiders', 'COOKIES_ENABLED': False, 'CONCURRENT_ITEMS': 3000, 'AUTOTHROTTLE_DEBUG': True, 'LOG_FILE': 'xinhuaNewsSpider/logs/scrapy.log', 'AUTOTHROTTLE_START_DELAY': 0.25, 'USER_AGENT': '', 'CONCURRENT_REQUESTS': 5000, 'LOG_STDOUT': True, 'BOT_NAME': 'xinhuaNewsSpider'}
2017-11-22 22:57:24 [scrapy] INFO: Enabled extensions:
['scrapy.extensions.corestats.CoreStats',
 'scrapy.extensions.telnet.TelnetConsole',
 'scrapy.extensions.logstats.LogStats',
 'scrapy.extensions.throttle.AutoThrottle']
2017-11-22 22:57:24 [py.warnings] WARNING: C:\Python34\lib\site-packages\scrapy\utils\deprecate.py:156: ScrapyDeprecationWarning: `scrapy.contrib.downloadermiddleware.useragent.UserAgentMiddleware` class is deprecated, use `scrapy.downloadermiddlewares.useragent.UserAgentMiddleware` instead
  ScrapyDeprecationWarning)

2017-11-22 22:57:24 [scrapy] INFO: Enabled downloader middlewares:
['scrapy.downloadermiddlewares.httpauth.HttpAuthMiddleware',
 'scrapy.downloadermiddlewares.downloadtimeout.DownloadTimeoutMiddleware',
 'scrapy.downloadermiddlewares.retry.RetryMiddleware',
 'xinhuaNewsSpider.middlewares.rotate_useragent.RotateUserAgentMiddleware',
 'scrapy.downloadermiddlewares.defaultheaders.DefaultHeadersMiddleware',
 'scrapy.downloadermiddlewares.redirect.MetaRefreshMiddleware',
 'scrapy.downloadermiddlewares.httpcompression.HttpCompressionMiddleware',
 'scrapy.downloadermiddlewares.redirect.RedirectMiddleware',
 'scrapy.downloadermiddlewares.chunked.ChunkedTransferMiddleware',
 'scrapy.downloadermiddlewares.stats.DownloaderStats']
2017-11-22 22:57:24 [scrapy] INFO: Enabled spider middlewares:
['scrapy.spidermiddlewares.httperror.HttpErrorMiddleware',
 'scrapy.spidermiddlewares.offsite.OffsiteMiddleware',
 'scrapy.spidermiddlewares.referer.RefererMiddleware',
 'scrapy.spidermiddlewares.urllength.UrlLengthMiddleware',
 'scrapy.spidermiddlewares.depth.DepthMiddleware']
2017-11-22 22:57:25 [scrapy] INFO: Enabled item pipelines:
[]
2017-11-22 22:57:25 [scrapy] INFO: Spider opened
2017-11-22 22:57:25 [scrapy] INFO: Crawled 0 pages (at 0 pages/min), scraped 0 items (at 0 items/min)
2017-11-22 22:57:25 [scrapy] DEBUG: Telnet console listening on 127.0.0.1:6023
2017-11-22 22:57:25 [scrapy] INFO: slot: www.news.cn | conc: 1 | delay:  135 ms (-114) | latency:  210 ms | size: 41503 bytes
2017-11-22 22:57:25 [scrapy] DEBUG: Crawled (200) <GET http://www.news.cn/> (referer: None)
2017-11-22 22:57:26 [scrapy] INFO: slot: news.xinhuanet.com | conc: 1 | delay:  136 ms (-113) | latency:  224 ms | size:  7640 bytes
2017-11-22 22:57:26 [scrapy] DEBUG: Crawled (200) <GET http://news.xinhuanet.com/money/2017-11/13/c_129739292.htm> (referer: http://www.news.cn/)
2017-11-22 22:57:26 [scrapy] INFO: slot: news.xinhuanet.com | conc: 1 | delay:   84 ms (-51) | latency:  337 ms | size:  9079 bytes
2017-11-22 22:57:26 [scrapy] DEBUG: Crawled (200) <GET http://news.xinhuanet.com/world/2017-11/22/c_129747286.htm> (referer: http://www.news.cn/)
2017-11-22 22:57:26 [scrapy] INFO: slot: us.xinhuanet.com | conc: 1 | delay:  154 ms (-95) | latency:  593 ms | size:  5062 bytes
2017-11-22 22:57:26 [scrapy] DEBUG: Crawled (200) <GET http://us.xinhuanet.com/2017-11/22/c_1121995158.htm> (referer: http://www.news.cn/)
2017-11-22 22:57:34 [scrapy] ERROR: Spider error processing <GET http://news.xinhuanet.com/money/2017-11/13/c_129739292.htm> (referer: http://www.news.cn/)
Traceback (most recent call last):
  File "C:\Python34\lib\site-packages\scrapy\utils\defer.py", line 102, in iter_errback
    yield next(it)
  File "C:\Python34\lib\site-packages\scrapy\spidermiddlewares\offsite.py", line 29, in process_spider_output
    for x in result:
  File "C:\Python34\lib\site-packages\scrapy\spidermiddlewares\referer.py", line 22, in <genexpr>
    return (_set_referer(r) for r in result or ())
  File "C:\Python34\lib\site-packages\scrapy\spidermiddlewares\urllength.py", line 37, in <genexpr>
    return (r for r in result or () if _filter(r))
  File "C:\Python34\lib\site-packages\scrapy\spidermiddlewares\depth.py", line 58, in <genexpr>
    return (r for r in result or () if _filter(r))
  File "C:\Python34\lib\site-packages\scrapy\spiders\crawl.py", line 74, in _parse_response
    for requests_or_item in iterate_spider_output(cb_res):
  File "D:\project\spiderProject\xinhuaNewsSpider\xinhuaNewsSpider\spiders\spider.py", line 178, in parse_article
    raise ValueError('Page style not in list: ' + response.url)
ValueError: Page style not in list: http://news.xinhuanet.com/money/2017-11/13/c_129739292.htm
2017-11-22 22:57:35 [scrapy] INFO: slot: www.xinhuanet.com | conc: 2 | delay:  870 ms (+620) | latency: 8704 ms | size:  4373 bytes
2017-11-22 22:57:35 [scrapy] DEBUG: Crawled (200) <GET http://www.xinhuanet.com/photo/2017-11/22/c_129746924.htm> (referer: http://www.news.cn/)
2017-11-22 22:57:35 [scrapy] INFO: slot: education.news.cn | conc: 3 | delay:  869 ms (+619) | latency: 8690 ms | size: 14752 bytes
2017-11-22 22:57:35 [scrapy] DEBUG: Crawled (200) <GET http://education.news.cn/2017-11/22/c_1121991179.htm> (referer: http://www.news.cn/)
2017-11-22 22:57:35 [scrapy] INFO: slot: news.xinhuanet.com | conc: 1 | delay:  801 ms (+716) | latency: 8017 ms | size: 10330 bytes
2017-11-22 22:57:35 [scrapy] DEBUG: Crawled (200) <GET http://news.xinhuanet.com/fortune/2017-11/22/c_1121996318.htm> (referer: http://www.news.cn/)
2017-11-22 22:57:35 [scrapy] INFO: slot: us.xinhuanet.com | conc: 2 | delay:  816 ms (+661) | latency: 8163 ms | size:  6665 bytes
2017-11-22 22:57:35 [scrapy] DEBUG: Crawled (200) <GET http://us.xinhuanet.com/2017-11/22/c_129747132.htm> (referer: http://www.news.cn/)
2017-11-22 22:57:35 [scrapy] INFO: slot: www.news.cn | conc: 2 | delay:   96 ms (-38) | latency:  577 ms | size:  6691 bytes
2017-11-22 22:57:35 [scrapy] DEBUG: Crawled (200) <GET http://www.news.cn/money/topic/zhibo/201711/3726283_m.html> (referer: http://www.news.cn/)
2017-11-22 22:57:35 [scrapy] ERROR: Spider error processing <GET http://news.xinhuanet.com/world/2017-11/22/c_129747286.htm> (referer: http://www.news.cn/)
Traceback (most recent call last):
  File "C:\Python34\lib\site-packages\scrapy\utils\defer.py", line 102, in iter_errback
    yield next(it)
  File "C:\Python34\lib\site-packages\scrapy\spidermiddlewares\offsite.py", line 29, in process_spider_output
    for x in result:
  File "C:\Python34\lib\site-packages\scrapy\spidermiddlewares\referer.py", line 22, in <genexpr>
    return (_set_referer(r) for r in result or ())
  File "C:\Python34\lib\site-packages\scrapy\spidermiddlewares\urllength.py", line 37, in <genexpr>
    return (r for r in result or () if _filter(r))
  File "C:\Python34\lib\site-packages\scrapy\spidermiddlewares\depth.py", line 58, in <genexpr>
    return (r for r in result or () if _filter(r))
  File "C:\Python34\lib\site-packages\scrapy\spiders\crawl.py", line 74, in _parse_response
    for requests_or_item in iterate_spider_output(cb_res):
  File "D:\project\spiderProject\xinhuaNewsSpider\xinhuaNewsSpider\spiders\spider.py", line 178, in parse_article
    raise ValueError('Page style not in list: ' + response.url)
ValueError: Page style not in list: http://news.xinhuanet.com/world/2017-11/22/c_129747286.htm
2017-11-22 22:57:35 [scrapy] ERROR: Spider error processing <GET http://us.xinhuanet.com/2017-11/22/c_1121995158.htm> (referer: http://www.news.cn/)
Traceback (most recent call last):
  File "C:\Python34\lib\site-packages\scrapy\utils\defer.py", line 102, in iter_errback
    yield next(it)
  File "C:\Python34\lib\site-packages\scrapy\spidermiddlewares\offsite.py", line 29, in process_spider_output
    for x in result:
  File "C:\Python34\lib\site-packages\scrapy\spidermiddlewares\referer.py", line 22, in <genexpr>
    return (_set_referer(r) for r in result or ())
  File "C:\Python34\lib\site-packages\scrapy\spidermiddlewares\urllength.py", line 37, in <genexpr>
    return (r for r in result or () if _filter(r))
  File "C:\Python34\lib\site-packages\scrapy\spidermiddlewares\depth.py", line 58, in <genexpr>
    return (r for r in result or () if _filter(r))
  File "C:\Python34\lib\site-packages\scrapy\spiders\crawl.py", line 74, in _parse_response
    for requests_or_item in iterate_spider_output(cb_res):
  File "D:\project\spiderProject\xinhuaNewsSpider\xinhuaNewsSpider\spiders\spider.py", line 178, in parse_article
    raise ValueError('Page style not in list: ' + response.url)
ValueError: Page style not in list: http://us.xinhuanet.com/2017-11/22/c_1121995158.htm
2017-11-22 22:57:35 [scrapy] INFO: slot: education.news.cn | conc: 3 | delay:  897 ms (+28) | latency: 8970 ms | size:  8171 bytes
2017-11-22 22:57:35 [scrapy] DEBUG: Crawled (200) <GET http://education.news.cn/2017-11/22/c_1121991173.htm> (referer: http://www.news.cn/)
2017-11-22 22:57:35 [scrapy] INFO: slot: ent.news.cn | conc: 3 | delay:  905 ms (+655) | latency: 9057 ms | size:  8856 bytes
2017-11-22 22:57:35 [scrapy] DEBUG: Crawled (200) <GET http://ent.news.cn/2017-11/22/c_1121991904.htm> (referer: http://www.news.cn/)
2017-11-22 22:57:35 [scrapy] INFO: slot: www.news.cn | conc: 2 | delay:   67 ms (-29) | latency:  379 ms | size: 41503 bytes
2017-11-22 22:57:35 [scrapy] DEBUG: Crawled (200) <GET http://www.news.cn/> (referer: http://www.news.cn/)
2017-11-22 22:57:35 [scrapy] INFO: slot: www.xinhuanet.com | conc: 1 | delay:  866 ms (-3) | latency: 8628 ms | size: 13110 bytes
2017-11-22 22:57:35 [scrapy] DEBUG: Crawled (200) <GET http://www.xinhuanet.com/politics/xxgcdd19djs/index.htm> (referer: http://www.news.cn/)
2017-11-22 22:57:35 [scrapy] INFO: slot: ent.news.cn | conc: 2 | delay:  878 ms (-27) | latency: 8515 ms | size:  7542 bytes
2017-11-22 22:57:35 [scrapy] DEBUG: Crawled (200) <GET http://ent.news.cn/2017-11/22/c_1121991905.htm> (referer: http://www.news.cn/)
2017-11-22 22:57:36 [scrapy] ERROR: Spider error processing <GET http://www.xinhuanet.com/photo/2017-11/22/c_129746924.htm> (referer: http://www.news.cn/)
Traceback (most recent call last):
  File "C:\Python34\lib\site-packages\scrapy\utils\defer.py", line 102, in iter_errback
    yield next(it)
  File "C:\Python34\lib\site-packages\scrapy\spidermiddlewares\offsite.py", line 29, in process_spider_output
    for x in result:
  File "C:\Python34\lib\site-packages\scrapy\spidermiddlewares\referer.py", line 22, in <genexpr>
    return (_set_referer(r) for r in result or ())
  File "C:\Python34\lib\site-packages\scrapy\spidermiddlewares\urllength.py", line 37, in <genexpr>
    return (r for r in result or () if _filter(r))
  File "C:\Python34\lib\site-packages\scrapy\spidermiddlewares\depth.py", line 58, in <genexpr>
    return (r for r in result or () if _filter(r))
  File "C:\Python34\lib\site-packages\scrapy\spiders\crawl.py", line 74, in _parse_response
    for requests_or_item in iterate_spider_output(cb_res):
  File "D:\project\spiderProject\xinhuaNewsSpider\xinhuaNewsSpider\spiders\spider.py", line 178, in parse_article
    raise ValueError('Page style not in list: ' + response.url)
ValueError: Page style not in list: http://www.xinhuanet.com/photo/2017-11/22/c_129746924.htm
2017-11-22 22:57:36 [scrapy] ERROR: Spider error processing <GET http://education.news.cn/2017-11/22/c_1121991179.htm> (referer: http://www.news.cn/)
Traceback (most recent call last):
  File "C:\Python34\lib\site-packages\scrapy\utils\defer.py", line 102, in iter_errback
    yield next(it)
  File "C:\Python34\lib\site-packages\scrapy\spidermiddlewares\offsite.py", line 29, in process_spider_output
    for x in result:
  File "C:\Python34\lib\site-packages\scrapy\spidermiddlewares\referer.py", line 22, in <genexpr>
    return (_set_referer(r) for r in result or ())
  File "C:\Python34\lib\site-packages\scrapy\spidermiddlewares\urllength.py", line 37, in <genexpr>
    return (r for r in result or () if _filter(r))
  File "C:\Python34\lib\site-packages\scrapy\spidermiddlewares\depth.py", line 58, in <genexpr>
    return (r for r in result or () if _filter(r))
  File "C:\Python34\lib\site-packages\scrapy\spiders\crawl.py", line 74, in _parse_response
    for requests_or_item in iterate_spider_output(cb_res):
  File "D:\project\spiderProject\xinhuaNewsSpider\xinhuaNewsSpider\spiders\spider.py", line 178, in parse_article
    raise ValueError('Page style not in list: ' + response.url)
ValueError: Page style not in list: http://education.news.cn/2017-11/22/c_1121991179.htm
2017-11-22 22:57:36 [scrapy] INFO: slot: www.news.cn | conc: 2 | delay:  121 ms (+54) | latency: 1212 ms | size: 11790 bytes
2017-11-22 22:57:36 [scrapy] DEBUG: Crawled (200) <GET http://www.news.cn/wzdt2014.htm> (referer: http://www.news.cn/)
2017-11-22 22:57:36 [scrapy] INFO: slot: sports.xinhuanet.com | conc: 4 | delay:  909 ms (+659) | latency: 9095 ms | size:  5637 bytes
2017-11-22 22:57:36 [scrapy] DEBUG: Crawled (200) <GET http://sports.xinhuanet.com/c/2017-11/22/c_1121991587.htm> (referer: http://www.news.cn/)
2017-11-22 22:57:36 [scrapy] INFO: slot: education.news.cn | conc: 2 | delay:  909 ms (+12) | latency: 9093 ms | size:  8291 bytes
2017-11-22 22:57:36 [scrapy] DEBUG: Crawled (200) <GET http://education.news.cn/2017-11/22/c_1121991184.htm> (referer: http://www.news.cn/)
2017-11-22 22:57:36 [scrapy] INFO: slot: sports.xinhuanet.com | conc: 3 | delay:  970 ms (+60) | latency: 9700 ms | size:  2665 bytes
2017-11-22 22:57:36 [scrapy] DEBUG: Crawled (200) <GET http://sports.xinhuanet.com/c/2017-11/22/c_1121991520.htm> (referer: http://www.news.cn/)
2017-11-22 22:57:36 [scrapy] ERROR: Spider error processing <GET http://news.xinhuanet.com/fortune/2017-11/22/c_1121996318.htm> (referer: http://www.news.cn/)
Traceback (most recent call last):
  File "C:\Python34\lib\site-packages\scrapy\utils\defer.py", line 102, in iter_errback
    yield next(it)
  File "C:\Python34\lib\site-packages\scrapy\spidermiddlewares\offsite.py", line 29, in process_spider_output
    for x in result:
  File "C:\Python34\lib\site-packages\scrapy\spidermiddlewares\referer.py", line 22, in <genexpr>
    return (_set_referer(r) for r in result or ())
  File "C:\Python34\lib\site-packages\scrapy\spidermiddlewares\urllength.py", line 37, in <genexpr>
    return (r for r in result or () if _filter(r))
  File "C:\Python34\lib\site-packages\scrapy\spidermiddlewares\depth.py", line 58, in <genexpr>
    return (r for r in result or () if _filter(r))
  File "C:\Python34\lib\site-packages\scrapy\spiders\crawl.py", line 74, in _parse_response
    for requests_or_item in iterate_spider_output(cb_res):
  File "D:\project\spiderProject\xinhuaNewsSpider\xinhuaNewsSpider\spiders\spider.py", line 178, in parse_article
    raise ValueError('Page style not in list: ' + response.url)
ValueError: Page style not in list: http://news.xinhuanet.com/fortune/2017-11/22/c_1121996318.htm
2017-11-22 22:57:37 [scrapy] ERROR: Spider error processing <GET http://us.xinhuanet.com/2017-11/22/c_129747132.htm> (referer: http://www.news.cn/)
Traceback (most recent call last):
  File "C:\Python34\lib\site-packages\scrapy\utils\defer.py", line 102, in iter_errback
    yield next(it)
  File "C:\Python34\lib\site-packages\scrapy\spidermiddlewares\offsite.py", line 29, in process_spider_output
    for x in result:
  File "C:\Python34\lib\site-packages\scrapy\spidermiddlewares\referer.py", line 22, in <genexpr>
    return (_set_referer(r) for r in result or ())
  File "C:\Python34\lib\site-packages\scrapy\spidermiddlewares\urllength.py", line 37, in <genexpr>
    return (r for r in result or () if _filter(r))
  File "C:\Python34\lib\site-packages\scrapy\spidermiddlewares\depth.py", line 58, in <genexpr>
    return (r for r in result or () if _filter(r))
  File "C:\Python34\lib\site-packages\scrapy\spiders\crawl.py", line 74, in _parse_response
    for requests_or_item in iterate_spider_output(cb_res):
  File "D:\project\spiderProject\xinhuaNewsSpider\xinhuaNewsSpider\spiders\spider.py", line 178, in parse_article
    raise ValueError('Page style not in list: ' + response.url)
ValueError: Page style not in list: http://us.xinhuanet.com/2017-11/22/c_129747132.htm
2017-11-22 22:57:37 [scrapy] ERROR: Spider error processing <GET http://www.news.cn/money/topic/zhibo/201711/3726283_m.html> (referer: http://www.news.cn/)
Traceback (most recent call last):
  File "C:\Python34\lib\site-packages\scrapy\utils\defer.py", line 102, in iter_errback
    yield next(it)
  File "C:\Python34\lib\site-packages\scrapy\spidermiddlewares\offsite.py", line 29, in process_spider_output
    for x in result:
  File "C:\Python34\lib\site-packages\scrapy\spidermiddlewares\referer.py", line 22, in <genexpr>
    return (_set_referer(r) for r in result or ())
  File "C:\Python34\lib\site-packages\scrapy\spidermiddlewares\urllength.py", line 37, in <genexpr>
    return (r for r in result or () if _filter(r))
  File "C:\Python34\lib\site-packages\scrapy\spidermiddlewares\depth.py", line 58, in <genexpr>
    return (r for r in result or () if _filter(r))
  File "C:\Python34\lib\site-packages\scrapy\spiders\crawl.py", line 74, in _parse_response
    for requests_or_item in iterate_spider_output(cb_res):
  File "D:\project\spiderProject\xinhuaNewsSpider\xinhuaNewsSpider\spiders\spider.py", line 178, in parse_article
    raise ValueError('Page style not in list: ' + response.url)
ValueError: Page style not in list: http://www.news.cn/money/topic/zhibo/201711/3726283_m.html
2017-11-22 22:57:37 [scrapy] INFO: slot: sports.xinhuanet.com | conc: 2 | delay:  582 ms (-387) | latency: 1945 ms | size:  4861 bytes
2017-11-22 22:57:37 [scrapy] DEBUG: Crawled (200) <GET http://sports.xinhuanet.com/c/2017-11/22/c_1121991517.htm> (referer: http://www.news.cn/)
2017-11-22 22:57:37 [scrapy] INFO: slot: cx.xinhuanet.com | conc: 1 | delay: 1015 ms (+765) | latency:10153 ms | size: 10488 bytes
2017-11-22 22:57:37 [scrapy] DEBUG: Crawled (200) <GET http://cx.xinhuanet.com/2017-11/22/c_136770602.htm> (referer: http://www.news.cn/)
2017-11-22 22:57:37 [scrapy] INFO: slot: ent.news.cn | conc: 2 | delay:  538 ms (-340) | latency: 1975 ms | size: 10020 bytes
2017-11-22 22:57:37 [scrapy] DEBUG: Crawled (200) <GET http://ent.news.cn/2017-11/22/c_1121991474.htm> (referer: http://www.news.cn/)
2017-11-22 22:57:37 [scrapy] INFO: slot: us.xinhuanet.com | conc: 2 | delay:  517 ms (-298) | latency: 2194 ms | size:  3865 bytes
2017-11-22 22:57:37 [scrapy] DEBUG: Crawled (200) <GET http://us.xinhuanet.com/2017-11/22/c_1121995622.htm> (referer: http://www.news.cn/)
2017-11-22 22:57:37 [scrapy] INFO: slot: us.xinhuanet.com | conc: 1 | delay:  308 ms (-209) | latency:  989 ms | size:  5068 bytes
2017-11-22 22:57:37 [scrapy] DEBUG: Crawled (200) <GET http://us.xinhuanet.com/2017-11/22/c_129746647.htm> (referer: http://www.news.cn/)
2017-11-22 22:57:37 [scrapy] ERROR: Spider error processing <GET http://education.news.cn/2017-11/22/c_1121991173.htm> (referer: http://www.news.cn/)
Traceback (most recent call last):
  File "C:\Python34\lib\site-packages\scrapy\utils\defer.py", line 102, in iter_errback
    yield next(it)
  File "C:\Python34\lib\site-packages\scrapy\spidermiddlewares\offsite.py", line 29, in process_spider_output
    for x in result:
  File "C:\Python34\lib\site-packages\scrapy\spidermiddlewares\referer.py", line 22, in <genexpr>
    return (_set_referer(r) for r in result or ())
  File "C:\Python34\lib\site-packages\scrapy\spidermiddlewares\urllength.py", line 37, in <genexpr>
    return (r for r in result or () if _filter(r))
  File "C:\Python34\lib\site-packages\scrapy\spidermiddlewares\depth.py", line 58, in <genexpr>
    return (r for r in result or () if _filter(r))
  File "C:\Python34\lib\site-packages\scrapy\spiders\crawl.py", line 74, in _parse_response
    for requests_or_item in iterate_spider_output(cb_res):
  File "D:\project\spiderProject\xinhuaNewsSpider\xinhuaNewsSpider\spiders\spider.py", line 178, in parse_article
    raise ValueError('Page style not in list: ' + response.url)
ValueError: Page style not in list: http://education.news.cn/2017-11/22/c_1121991173.htm
2017-11-22 22:57:37 [scrapy] ERROR: Spider error processing <GET http://ent.news.cn/2017-11/22/c_1121991904.htm> (referer: http://www.news.cn/)
Traceback (most recent call last):
  File "C:\Python34\lib\site-packages\scrapy\utils\defer.py", line 102, in iter_errback
    yield next(it)
  File "C:\Python34\lib\site-packages\scrapy\spidermiddlewares\offsite.py", line 29, in process_spider_output
    for x in result:
  File "C:\Python34\lib\site-packages\scrapy\spidermiddlewares\referer.py", line 22, in <genexpr>
    return (_set_referer(r) for r in result or ())
  File "C:\Python34\lib\site-packages\scrapy\spidermiddlewares\urllength.py", line 37, in <genexpr>
    return (r for r in result or () if _filter(r))
  File "C:\Python34\lib\site-packages\scrapy\spidermiddlewares\depth.py", line 58, in <genexpr>
    return (r for r in result or () if _filter(r))
  File "C:\Python34\lib\site-packages\scrapy\spiders\crawl.py", line 74, in _parse_response
    for requests_or_item in iterate_spider_output(cb_res):
  File "D:\project\spiderProject\xinhuaNewsSpider\xinhuaNewsSpider\spiders\spider.py", line 178, in parse_article
    raise ValueError('Page style not in list: ' + response.url)
ValueError: Page style not in list: http://ent.news.cn/2017-11/22/c_1121991904.htm
2017-11-22 22:57:38 [scrapy] DEBUG: Filtered duplicate request: <GET http://news.xinhuanet.com/money/2017-11/13/c_129739292.htm> - no more duplicates will be shown (see DUPEFILTER_DEBUG to show all duplicates)
2017-11-22 22:57:38 [scrapy] ERROR: Spider error processing <GET http://ent.news.cn/2017-11/22/c_1121991905.htm> (referer: http://www.news.cn/)
Traceback (most recent call last):
  File "C:\Python34\lib\site-packages\scrapy\utils\defer.py", line 102, in iter_errback
    yield next(it)
  File "C:\Python34\lib\site-packages\scrapy\spidermiddlewares\offsite.py", line 29, in process_spider_output
    for x in result:
  File "C:\Python34\lib\site-packages\scrapy\spidermiddlewares\referer.py", line 22, in <genexpr>
    return (_set_referer(r) for r in result or ())
  File "C:\Python34\lib\site-packages\scrapy\spidermiddlewares\urllength.py", line 37, in <genexpr>
    return (r for r in result or () if _filter(r))
  File "C:\Python34\lib\site-packages\scrapy\spidermiddlewares\depth.py", line 58, in <genexpr>
    return (r for r in result or () if _filter(r))
  File "C:\Python34\lib\site-packages\scrapy\spiders\crawl.py", line 74, in _parse_response
    for requests_or_item in iterate_spider_output(cb_res):
  File "D:\project\spiderProject\xinhuaNewsSpider\xinhuaNewsSpider\spiders\spider.py", line 178, in parse_article
    raise ValueError('Page style not in list: ' + response.url)
ValueError: Page style not in list: http://ent.news.cn/2017-11/22/c_1121991905.htm
2017-11-22 22:57:38 [scrapy] INFO: slot: education.news.cn | conc: 2 | delay:  510 ms (-399) | latency: 1106 ms | size: 12772 bytes
2017-11-22 22:57:38 [scrapy] DEBUG: Crawled (200) <GET http://education.news.cn/2017-11/22/c_129746598.htm> (referer: http://www.news.cn/)
2017-11-22 22:57:38 [scrapy] INFO: slot: www.news.cn | conc: 2 | delay:  114 ms (-6) | latency: 1078 ms | size:  8230 bytes
2017-11-22 22:57:38 [scrapy] DEBUG: Crawled (200) <GET http://www.news.cn/cankao/> (referer: http://www.news.cn/)
2017-11-22 22:57:38 [scrapy] INFO: slot: uyghur.news.cn | conc: 1 | delay:  315 ms (+65) | latency: 3152 ms | size:  7818 bytes
2017-11-22 22:57:38 [scrapy] DEBUG: Crawled (200) <GET http://uyghur.news.cn/> (referer: http://www.news.cn/)
2017-11-22 22:57:38 [scrapy] INFO: slot: mrdx.xinhuanet.com | conc: 1 | delay:  323 ms (+73) | latency: 3236 ms | size: 12205 bytes
2017-11-22 22:57:38 [scrapy] DEBUG: Crawled (200) <GET http://mrdx.xinhuanet.com/> (referer: http://www.news.cn/)
2017-11-22 22:57:38 [scrapy] INFO: slot: ent.news.cn | conc: 1 | delay:  325 ms (-212) | latency: 1137 ms | size: 10676 bytes
2017-11-22 22:57:38 [scrapy] DEBUG: Crawled (200) <GET http://ent.news.cn/2017-11/22/c_1121991519.htm> (referer: http://www.news.cn/)
2017-11-22 22:57:38 [scrapy] INFO: slot: education.news.cn | conc: 1 | delay:  408 ms (-101) | latency: 3061 ms | size:  9430 bytes
2017-11-22 22:57:38 [scrapy] DEBUG: Crawled (200) <GET http://education.news.cn/2017-11/22/c_129746627.htm> (referer: http://www.news.cn/)
2017-11-22 22:57:38 [scrapy] INFO: slot: news.xinhuanet.com | conc: 2 | delay:  555 ms (-246) | latency: 3090 ms | size:  5733 bytes
2017-11-22 22:57:38 [scrapy] DEBUG: Crawled (200) <GET http://news.xinhuanet.com/comments/2017-11/20/c_1121978645.htm> (referer: http://www.news.cn/)
2017-11-22 22:57:39 [scrapy] ERROR: Spider error processing <GET http://sports.xinhuanet.com/c/2017-11/22/c_1121991587.htm> (referer: http://www.news.cn/)
Traceback (most recent call last):
  File "C:\Python34\lib\site-packages\scrapy\utils\defer.py", line 102, in iter_errback
    yield next(it)
  File "C:\Python34\lib\site-packages\scrapy\spidermiddlewares\offsite.py", line 29, in process_spider_output
    for x in result:
  File "C:\Python34\lib\site-packages\scrapy\spidermiddlewares\referer.py", line 22, in <genexpr>
    return (_set_referer(r) for r in result or ())
  File "C:\Python34\lib\site-packages\scrapy\spidermiddlewares\urllength.py", line 37, in <genexpr>
    return (r for r in result or () if _filter(r))
  File "C:\Python34\lib\site-packages\scrapy\spidermiddlewares\depth.py", line 58, in <genexpr>
    return (r for r in result or () if _filter(r))
  File "C:\Python34\lib\site-packages\scrapy\spiders\crawl.py", line 74, in _parse_response
    for requests_or_item in iterate_spider_output(cb_res):
  File "D:\project\spiderProject\xinhuaNewsSpider\xinhuaNewsSpider\spiders\spider.py", line 178, in parse_article
    raise ValueError('Page style not in list: ' + response.url)
ValueError: Page style not in list: http://sports.xinhuanet.com/c/2017-11/22/c_1121991587.htm
2017-11-22 22:57:39 [scrapy] ERROR: Spider error processing <GET http://education.news.cn/2017-11/22/c_1121991184.htm> (referer: http://www.news.cn/)
Traceback (most recent call last):
  File "C:\Python34\lib\site-packages\scrapy\utils\defer.py", line 102, in iter_errback
    yield next(it)
  File "C:\Python34\lib\site-packages\scrapy\spidermiddlewares\offsite.py", line 29, in process_spider_output
    for x in result:
  File "C:\Python34\lib\site-packages\scrapy\spidermiddlewares\referer.py", line 22, in <genexpr>
    return (_set_referer(r) for r in result or ())
  File "C:\Python34\lib\site-packages\scrapy\spidermiddlewares\urllength.py", line 37, in <genexpr>
    return (r for r in result or () if _filter(r))
  File "C:\Python34\lib\site-packages\scrapy\spidermiddlewares\depth.py", line 58, in <genexpr>
    return (r for r in result or () if _filter(r))
  File "C:\Python34\lib\site-packages\scrapy\spiders\crawl.py", line 74, in _parse_response
    for requests_or_item in iterate_spider_output(cb_res):
  File "D:\project\spiderProject\xinhuaNewsSpider\xinhuaNewsSpider\spiders\spider.py", line 178, in parse_article
    raise ValueError('Page style not in list: ' + response.url)
ValueError: Page style not in list: http://education.news.cn/2017-11/22/c_1121991184.htm
2017-11-22 22:57:39 [scrapy] ERROR: Spider error processing <GET http://sports.xinhuanet.com/c/2017-11/22/c_1121991520.htm> (referer: http://www.news.cn/)
Traceback (most recent call last):
  File "C:\Python34\lib\site-packages\scrapy\utils\defer.py", line 102, in iter_errback
    yield next(it)
  File "C:\Python34\lib\site-packages\scrapy\spidermiddlewares\offsite.py", line 29, in process_spider_output
    for x in result:
  File "C:\Python34\lib\site-packages\scrapy\spidermiddlewares\referer.py", line 22, in <genexpr>
    return (_set_referer(r) for r in result or ())
  File "C:\Python34\lib\site-packages\scrapy\spidermiddlewares\urllength.py", line 37, in <genexpr>
    return (r for r in result or () if _filter(r))
  File "C:\Python34\lib\site-packages\scrapy\spidermiddlewares\depth.py", line 58, in <genexpr>
    return (r for r in result or () if _filter(r))
  File "C:\Python34\lib\site-packages\scrapy\spiders\crawl.py", line 74, in _parse_response
    for requests_or_item in iterate_spider_output(cb_res):
  File "D:\project\spiderProject\xinhuaNewsSpider\xinhuaNewsSpider\spiders\spider.py", line 178, in parse_article
    raise ValueError('Page style not in list: ' + response.url)
ValueError: Page style not in list: http://sports.xinhuanet.com/c/2017-11/22/c_1121991520.htm
2017-11-22 22:57:39 [scrapy] INFO: slot: sports.xinhuanet.com | conc: 2 | delay:  448 ms (-133) | latency: 3156 ms | size:  3567 bytes
2017-11-22 22:57:39 [scrapy] DEBUG: Crawled (200) <GET http://sports.xinhuanet.com/c/2017-11/22/c_1121991514.htm> (referer: http://www.news.cn/)
2017-11-22 22:57:39 [scrapy] INFO: slot: portuguese.xinhuanet.com | conc: 1 | delay:  429 ms (+179) | latency: 4294 ms | size:  9879 bytes
2017-11-22 22:57:39 [scrapy] DEBUG: Crawled (200) <GET http://portuguese.xinhuanet.com/index.htm> (referer: http://www.news.cn/)
2017-11-22 22:57:39 [scrapy] INFO: slot: russian.news.cn | conc: 1 | delay:  429 ms (+179) | latency: 4296 ms | size: 12893 bytes
2017-11-22 22:57:39 [scrapy] DEBUG: Crawled (200) <GET http://russian.news.cn/> (referer: http://www.news.cn/)
2017-11-22 22:57:39 [scrapy] INFO: slot: jp.xinhuanet.com | conc: 1 | delay:  430 ms (+180) | latency: 4303 ms | size: 18823 bytes
2017-11-22 22:57:39 [scrapy] DEBUG: Crawled (200) <GET http://jp.xinhuanet.com/> (referer: http://www.news.cn/)
2017-11-22 22:57:39 [scrapy] INFO: slot: us.xinhuanet.com | conc: 2 | delay:  220 ms (-88) | latency: 1323 ms | size:  5004 bytes
2017-11-22 22:57:39 [scrapy] DEBUG: Crawled (200) <GET http://us.xinhuanet.com/2017-11/22/c_1121994175.htm> (referer: http://www.news.cn/)
2017-11-22 22:57:39 [scrapy] INFO: slot: www.xinhuanet.com | conc: 2 | delay:  546 ms (-319) | latency: 2272 ms | size: 20999 bytes
2017-11-22 22:57:39 [scrapy] DEBUG: Crawled (200) <GET http://www.xinhuanet.com/politics/xhll.htm> (referer: http://www.news.cn/)
2017-11-22 22:57:39 [scrapy] INFO: slot: sports.xinhuanet.com | conc: 1 | delay:  303 ms (-145) | latency: 1582 ms | size:  4885 bytes
2017-11-22 22:57:39 [scrapy] DEBUG: Crawled (200) <GET http://sports.xinhuanet.com/c/2017-11/22/c_1121991750.htm> (referer: http://www.news.cn/)
2017-11-22 22:57:39 [scrapy] INFO: slot: arabic.news.cn | conc: 1 | delay:  435 ms (+185) | latency: 4356 ms | size: 13814 bytes
2017-11-22 22:57:39 [scrapy] DEBUG: Crawled (200) <GET http://arabic.news.cn/> (referer: http://www.news.cn/)
2017-11-22 22:57:39 [scrapy] INFO: slot: german.xinhuanet.com | conc: 1 | delay:  436 ms (+186) | latency: 4364 ms | size: 11234 bytes
2017-11-22 22:57:39 [scrapy] DEBUG: Crawled (200) <GET http://german.xinhuanet.com/> (referer: http://www.news.cn/)
2017-11-22 22:57:40 [scrapy] ERROR: Spider error processing <GET http://sports.xinhuanet.com/c/2017-11/22/c_1121991517.htm> (referer: http://www.news.cn/)
Traceback (most recent call last):
  File "C:\Python34\lib\site-packages\scrapy\utils\defer.py", line 102, in iter_errback
    yield next(it)
  File "C:\Python34\lib\site-packages\scrapy\spidermiddlewares\offsite.py", line 29, in process_spider_output
    for x in result:
  File "C:\Python34\lib\site-packages\scrapy\spidermiddlewares\referer.py", line 22, in <genexpr>
    return (_set_referer(r) for r in result or ())
  File "C:\Python34\lib\site-packages\scrapy\spidermiddlewares\urllength.py", line 37, in <genexpr>
    return (r for r in result or () if _filter(r))
  File "C:\Python34\lib\site-packages\scrapy\spidermiddlewares\depth.py", line 58, in <genexpr>
    return (r for r in result or () if _filter(r))
  File "C:\Python34\lib\site-packages\scrapy\spiders\crawl.py", line 74, in _parse_response
    for requests_or_item in iterate_spider_output(cb_res):
  File "D:\project\spiderProject\xinhuaNewsSpider\xinhuaNewsSpider\spiders\spider.py", line 178, in parse_article
    raise ValueError('Page style not in list: ' + response.url)
ValueError: Page style not in list: http://sports.xinhuanet.com/c/2017-11/22/c_1121991517.htm
2017-11-22 22:57:40 [scrapy] ERROR: Spider error processing <GET http://cx.xinhuanet.com/2017-11/22/c_136770602.htm> (referer: http://www.news.cn/)
Traceback (most recent call last):
  File "C:\Python34\lib\site-packages\scrapy\utils\defer.py", line 102, in iter_errback
    yield next(it)
  File "C:\Python34\lib\site-packages\scrapy\spidermiddlewares\offsite.py", line 29, in process_spider_output
    for x in result:
  File "C:\Python34\lib\site-packages\scrapy\spidermiddlewares\referer.py", line 22, in <genexpr>
    return (_set_referer(r) for r in result or ())
  File "C:\Python34\lib\site-packages\scrapy\spidermiddlewares\urllength.py", line 37, in <genexpr>
    return (r for r in result or () if _filter(r))
  File "C:\Python34\lib\site-packages\scrapy\spidermiddlewares\depth.py", line 58, in <genexpr>
    return (r for r in result or () if _filter(r))
  File "C:\Python34\lib\site-packages\scrapy\spiders\crawl.py", line 74, in _parse_response
    for requests_or_item in iterate_spider_output(cb_res):
  File "D:\project\spiderProject\xinhuaNewsSpider\xinhuaNewsSpider\spiders\spider.py", line 178, in parse_article
    raise ValueError('Page style not in list: ' + response.url)
ValueError: Page style not in list: http://cx.xinhuanet.com/2017-11/22/c_136770602.htm
2017-11-22 22:57:40 [scrapy] ERROR: Spider error processing <GET http://ent.news.cn/2017-11/22/c_1121991474.htm> (referer: http://www.news.cn/)
Traceback (most recent call last):
  File "C:\Python34\lib\site-packages\scrapy\utils\defer.py", line 102, in iter_errback
    yield next(it)
  File "C:\Python34\lib\site-packages\scrapy\spidermiddlewares\offsite.py", line 29, in process_spider_output
    for x in result:
  File "C:\Python34\lib\site-packages\scrapy\spidermiddlewares\referer.py", line 22, in <genexpr>
    return (_set_referer(r) for r in result or ())
  File "C:\Python34\lib\site-packages\scrapy\spidermiddlewares\urllength.py", line 37, in <genexpr>
    return (r for r in result or () if _filter(r))
  File "C:\Python34\lib\site-packages\scrapy\spidermiddlewares\depth.py", line 58, in <genexpr>
    return (r for r in result or () if _filter(r))
  File "C:\Python34\lib\site-packages\scrapy\spiders\crawl.py", line 74, in _parse_response
    for requests_or_item in iterate_spider_output(cb_res):
  File "D:\project\spiderProject\xinhuaNewsSpider\xinhuaNewsSpider\spiders\spider.py", line 178, in parse_article
    raise ValueError('Page style not in list: ' + response.url)
ValueError: Page style not in list: http://ent.news.cn/2017-11/22/c_1121991474.htm
2017-11-22 22:57:40 [scrapy] ERROR: Spider error processing <GET http://us.xinhuanet.com/2017-11/22/c_1121995622.htm> (referer: http://www.news.cn/)
Traceback (most recent call last):
  File "C:\Python34\lib\site-packages\scrapy\utils\defer.py", line 102, in iter_errback
    yield next(it)
  File "C:\Python34\lib\site-packages\scrapy\spidermiddlewares\offsite.py", line 29, in process_spider_output
    for x in result:
  File "C:\Python34\lib\site-packages\scrapy\spidermiddlewares\referer.py", line 22, in <genexpr>
    return (_set_referer(r) for r in result or ())
  File "C:\Python34\lib\site-packages\scrapy\spidermiddlewares\urllength.py", line 37, in <genexpr>
    return (r for r in result or () if _filter(r))
  File "C:\Python34\lib\site-packages\scrapy\spidermiddlewares\depth.py", line 58, in <genexpr>
    return (r for r in result or () if _filter(r))
  File "C:\Python34\lib\site-packages\scrapy\spiders\crawl.py", line 74, in _parse_response
    for requests_or_item in iterate_spider_output(cb_res):
  File "D:\project\spiderProject\xinhuaNewsSpider\xinhuaNewsSpider\spiders\spider.py", line 178, in parse_article
    raise ValueError('Page style not in list: ' + response.url)
ValueError: Page style not in list: http://us.xinhuanet.com/2017-11/22/c_1121995622.htm
2017-11-22 22:57:40 [scrapy] ERROR: Spider error processing <GET http://us.xinhuanet.com/2017-11/22/c_129746647.htm> (referer: http://www.news.cn/)
Traceback (most recent call last):
  File "C:\Python34\lib\site-packages\scrapy\utils\defer.py", line 102, in iter_errback
    yield next(it)
  File "C:\Python34\lib\site-packages\scrapy\spidermiddlewares\offsite.py", line 29, in process_spider_output
    for x in result:
  File "C:\Python34\lib\site-packages\scrapy\spidermiddlewares\referer.py", line 22, in <genexpr>
    return (_set_referer(r) for r in result or ())
  File "C:\Python34\lib\site-packages\scrapy\spidermiddlewares\urllength.py", line 37, in <genexpr>
    return (r for r in result or () if _filter(r))
  File "C:\Python34\lib\site-packages\scrapy\spidermiddlewares\depth.py", line 58, in <genexpr>
    return (r for r in result or () if _filter(r))
  File "C:\Python34\lib\site-packages\scrapy\spiders\crawl.py", line 74, in _parse_response
    for requests_or_item in iterate_spider_output(cb_res):
  File "D:\project\spiderProject\xinhuaNewsSpider\xinhuaNewsSpider\spiders\spider.py", line 178, in parse_article
    raise ValueError('Page style not in list: ' + response.url)
ValueError: Page style not in list: http://us.xinhuanet.com/2017-11/22/c_129746647.htm
2017-11-22 22:57:40 [scrapy] INFO: slot: cae.xinhuanet.com | conc: 1 | delay:  587 ms (+337) | latency: 5876 ms | size:  6511 bytes
2017-11-22 22:57:40 [scrapy] DEBUG: Crawled (200) <GET http://cae.xinhuanet.com/> (referer: http://www.news.cn/)
2017-11-22 22:57:40 [scrapy] INFO: slot: news.xinhuanet.com | conc: 2 | delay:  474 ms (-80) | latency: 3939 ms | size:  5785 bytes
2017-11-22 22:57:40 [scrapy] DEBUG: Crawled (200) <GET http://news.xinhuanet.com/comments/2017-11/20/c_1121978780.htm> (referer: http://www.news.cn/)
2017-11-22 22:57:40 [scrapy] INFO: slot: cx.xinhuanet.com | conc: 1 | delay:  589 ms (-425) | latency: 1646 ms | size: 52458 bytes
2017-11-22 22:57:40 [scrapy] DEBUG: Crawled (200) <GET http://cx.xinhuanet.com/> (referer: http://www.news.cn/)
2017-11-22 22:57:40 [scrapy] INFO: slot: us.xinhuanet.com | conc: 1 | delay:  192 ms (-28) | latency: 1643 ms | size: 11495 bytes
2017-11-22 22:57:40 [scrapy] DEBUG: Crawled (200) <GET http://us.xinhuanet.com/> (referer: http://www.news.cn/)
2017-11-22 22:57:40 [scrapy] INFO: slot: www.zj.xinhuanet.com | conc: 2 | delay:  589 ms (+339) | latency: 5897 ms | size:   180 bytes
2017-11-22 22:57:40 [scrapy] DEBUG: Crawled (404) <GET http://www.zj.xinhuanet.com/2017special/2017CGIF/index.htm%20> (referer: http://www.news.cn/)
2017-11-22 22:57:40 [scrapy] INFO: slot: spanish.xinhuanet.com | conc: 1 | delay:  593 ms (+343) | latency: 5937 ms | size: 13547 bytes
2017-11-22 22:57:40 [scrapy] DEBUG: Crawled (200) <GET http://spanish.xinhuanet.com/> (referer: http://www.news.cn/)
2017-11-22 22:57:40 [scrapy] INFO: slot: news.xinhuanet.com | conc: 1 | delay:  328 ms (-146) | latency: 1821 ms | size:  6681 bytes
2017-11-22 22:57:40 [scrapy] DEBUG: Crawled (200) <GET http://news.xinhuanet.com/politics/2017-11/20/c_129745407.htm> (referer: http://www.news.cn/)
2017-11-22 22:57:41 [scrapy] INFO: slot: travel.news.cn | conc: 2 | delay:  594 ms (+344) | latency: 5945 ms | size:  6987 bytes
2017-11-22 22:57:41 [scrapy] DEBUG: Crawled (200) <GET http://travel.news.cn/lyzt/03/index.htm> (referer: http://www.news.cn/)
2017-11-22 22:57:41 [scrapy] INFO: slot: education.news.cn | conc: 1 | delay:  296 ms (-111) | latency: 1845 ms | size: 12237 bytes
2017-11-22 22:57:41 [scrapy] DEBUG: Crawled (200) <GET http://education.news.cn/> (referer: http://www.news.cn/)
2017-11-22 22:57:41 [scrapy] INFO: slot: french.news.cn | conc: 1 | delay:  599 ms (+349) | latency: 5991 ms | size: 16778 bytes
2017-11-22 22:57:41 [scrapy] DEBUG: Crawled (200) <GET http://french.news.cn/> (referer: http://www.news.cn/)
2017-11-22 22:57:41 [scrapy] INFO: slot: ent.news.cn | conc: 1 | delay:  256 ms (-69) | latency: 1877 ms | size:  3058 bytes
2017-11-22 22:57:41 [scrapy] DEBUG: Crawled (200) <GET http://ent.news.cn/2017-11/22/c_1121991847.htm> (referer: http://www.news.cn/)
2017-11-22 22:57:41 [scrapy] ERROR: Spider error processing <GET http://education.news.cn/2017-11/22/c_129746598.htm> (referer: http://www.news.cn/)
Traceback (most recent call last):
  File "C:\Python34\lib\site-packages\scrapy\utils\defer.py", line 102, in iter_errback
    yield next(it)
  File "C:\Python34\lib\site-packages\scrapy\spidermiddlewares\offsite.py", line 29, in process_spider_output
    for x in result:
  File "C:\Python34\lib\site-packages\scrapy\spidermiddlewares\referer.py", line 22, in <genexpr>
    return (_set_referer(r) for r in result or ())
  File "C:\Python34\lib\site-packages\scrapy\spidermiddlewares\urllength.py", line 37, in <genexpr>
    return (r for r in result or () if _filter(r))
  File "C:\Python34\lib\site-packages\scrapy\spidermiddlewares\depth.py", line 58, in <genexpr>
    return (r for r in result or () if _filter(r))
  File "C:\Python34\lib\site-packages\scrapy\spiders\crawl.py", line 74, in _parse_response
    for requests_or_item in iterate_spider_output(cb_res):
  File "D:\project\spiderProject\xinhuaNewsSpider\xinhuaNewsSpider\spiders\spider.py", line 178, in parse_article
    raise ValueError('Page style not in list: ' + response.url)
ValueError: Page style not in list: http://education.news.cn/2017-11/22/c_129746598.htm
2017-11-22 22:57:42 [scrapy] ERROR: Spider error processing <GET http://ent.news.cn/2017-11/22/c_1121991519.htm> (referer: http://www.news.cn/)
Traceback (most recent call last):
  File "C:\Python34\lib\site-packages\scrapy\utils\defer.py", line 102, in iter_errback
    yield next(it)
  File "C:\Python34\lib\site-packages\scrapy\spidermiddlewares\offsite.py", line 29, in process_spider_output
    for x in result:
  File "C:\Python34\lib\site-packages\scrapy\spidermiddlewares\referer.py", line 22, in <genexpr>
    return (_set_referer(r) for r in result or ())
  File "C:\Python34\lib\site-packages\scrapy\spidermiddlewares\urllength.py", line 37, in <genexpr>
    return (r for r in result or () if _filter(r))
  File "C:\Python34\lib\site-packages\scrapy\spidermiddlewares\depth.py", line 58, in <genexpr>
    return (r for r in result or () if _filter(r))
  File "C:\Python34\lib\site-packages\scrapy\spiders\crawl.py", line 74, in _parse_response
    for requests_or_item in iterate_spider_output(cb_res):
  File "D:\project\spiderProject\xinhuaNewsSpider\xinhuaNewsSpider\spiders\spider.py", line 178, in parse_article
    raise ValueError('Page style not in list: ' + response.url)
ValueError: Page style not in list: http://ent.news.cn/2017-11/22/c_1121991519.htm
2017-11-22 22:57:42 [scrapy] ERROR: Spider error processing <GET http://education.news.cn/2017-11/22/c_129746627.htm> (referer: http://www.news.cn/)
Traceback (most recent call last):
  File "C:\Python34\lib\site-packages\scrapy\utils\defer.py", line 102, in iter_errback
    yield next(it)
  File "C:\Python34\lib\site-packages\scrapy\spidermiddlewares\offsite.py", line 29, in process_spider_output
    for x in result:
  File "C:\Python34\lib\site-packages\scrapy\spidermiddlewares\referer.py", line 22, in <genexpr>
    return (_set_referer(r) for r in result or ())
  File "C:\Python34\lib\site-packages\scrapy\spidermiddlewares\urllength.py", line 37, in <genexpr>
    return (r for r in result or () if _filter(r))
  File "C:\Python34\lib\site-packages\scrapy\spidermiddlewares\depth.py", line 58, in <genexpr>
    return (r for r in result or () if _filter(r))
  File "C:\Python34\lib\site-packages\scrapy\spiders\crawl.py", line 74, in _parse_response
    for requests_or_item in iterate_spider_output(cb_res):
  File "D:\project\spiderProject\xinhuaNewsSpider\xinhuaNewsSpider\spiders\spider.py", line 178, in parse_article
    raise ValueError('Page style not in list: ' + response.url)
ValueError: Page style not in list: http://education.news.cn/2017-11/22/c_129746627.htm
2017-11-22 22:57:42 [scrapy] ERROR: Spider error processing <GET http://news.xinhuanet.com/comments/2017-11/20/c_1121978645.htm> (referer: http://www.news.cn/)
Traceback (most recent call last):
  File "C:\Python34\lib\site-packages\scrapy\utils\defer.py", line 102, in iter_errback
    yield next(it)
  File "C:\Python34\lib\site-packages\scrapy\spidermiddlewares\offsite.py", line 29, in process_spider_output
    for x in result:
  File "C:\Python34\lib\site-packages\scrapy\spidermiddlewares\referer.py", line 22, in <genexpr>
    return (_set_referer(r) for r in result or ())
  File "C:\Python34\lib\site-packages\scrapy\spidermiddlewares\urllength.py", line 37, in <genexpr>
    return (r for r in result or () if _filter(r))
  File "C:\Python34\lib\site-packages\scrapy\spidermiddlewares\depth.py", line 58, in <genexpr>
    return (r for r in result or () if _filter(r))
  File "C:\Python34\lib\site-packages\scrapy\spiders\crawl.py", line 74, in _parse_response
    for requests_or_item in iterate_spider_output(cb_res):
  File "D:\project\spiderProject\xinhuaNewsSpider\xinhuaNewsSpider\spiders\spider.py", line 178, in parse_article
    raise ValueError('Page style not in list: ' + response.url)
ValueError: Page style not in list: http://news.xinhuanet.com/comments/2017-11/20/c_1121978645.htm
2017-11-22 22:57:43 [scrapy] DEBUG: Ignoring response <404 http://www.zj.xinhuanet.com/2017special/2017CGIF/index.htm%20>: HTTP status code is not handled or not allowed
2017-11-22 22:57:44 [scrapy] INFO: slot: www.jl.xinhuanet.com | conc: 1 | delay:  894 ms (+644) | latency: 8947 ms | size: 22498 bytes
2017-11-22 22:57:44 [scrapy] DEBUG: Crawled (200) <GET http://www.jl.xinhuanet.com/> (referer: http://www.news.cn/)
2017-11-22 22:57:44 [scrapy] INFO: slot: www.ln.xinhuanet.com | conc: 1 | delay:  895 ms (+645) | latency: 8950 ms | size: 13343 bytes
2017-11-22 22:57:44 [scrapy] DEBUG: Crawled (200) <GET http://www.ln.xinhuanet.com/> (referer: http://www.news.cn/)
2017-11-22 22:57:44 [scrapy] INFO: slot: www.tj.xinhuanet.com | conc: 1 | delay:  895 ms (+645) | latency: 8952 ms | size: 19020 bytes
2017-11-22 22:57:44 [scrapy] DEBUG: Crawled (200) <GET http://www.tj.xinhuanet.com/> (referer: http://www.news.cn/)
2017-11-22 22:57:44 [scrapy] INFO: slot: www.news.cn | conc: 4 | delay:  257 ms (+142) | latency: 2573 ms | size:  5874 bytes
2017-11-22 22:57:44 [scrapy] DEBUG: Crawled (200) <GET http://www.news.cn/globe/globe.htm> (referer: http://www.news.cn/)
2017-11-22 22:57:44 [scrapy] INFO: slot: www.news.cn | conc: 3 | delay:  178 ms (-78) | latency: 1000 ms | size: 13458 bytes
2017-11-22 22:57:44 [scrapy] DEBUG: Crawled (200) <GET http://www.news.cn/english/> (referer: http://www.news.cn/)
2017-11-22 22:57:44 [scrapy] INFO: slot: ydyl.news.cn | conc: 1 | delay:  910 ms (+660) | latency: 9102 ms | size:  4406 bytes
2017-11-22 22:57:44 [scrapy] DEBUG: Crawled (200) <GET http://ydyl.news.cn/> (referer: http://www.news.cn/)
2017-11-22 22:57:44 [scrapy] INFO: slot: www.he.xinhuanet.com | conc: 1 | delay:  897 ms (+647) | latency: 8976 ms | size: 21549 bytes
2017-11-22 22:57:44 [scrapy] DEBUG: Crawled (200) <GET http://www.he.xinhuanet.com/> (referer: http://www.news.cn/)
2017-11-22 22:57:44 [scrapy] INFO: slot: www.sh.xinhuanet.com | conc: 1 | delay:  898 ms (+648) | latency: 8987 ms | size: 16015 bytes
2017-11-22 22:57:44 [scrapy] DEBUG: Crawled (200) <GET http://www.sh.xinhuanet.com/> (referer: http://www.news.cn/)
2017-11-22 22:57:44 [scrapy] INFO: slot: www.sx.xinhuanet.com | conc: 1 | delay:  898 ms (+648) | latency: 8987 ms | size: 22442 bytes
2017-11-22 22:57:44 [scrapy] DEBUG: Crawled (200) <GET http://www.sx.xinhuanet.com/> (referer: http://www.news.cn/)
2017-11-22 22:57:44 [scrapy] ERROR: Spider error processing <GET http://sports.xinhuanet.com/c/2017-11/22/c_1121991514.htm> (referer: http://www.news.cn/)
Traceback (most recent call last):
  File "C:\Python34\lib\site-packages\scrapy\utils\defer.py", line 102, in iter_errback
    yield next(it)
  File "C:\Python34\lib\site-packages\scrapy\spidermiddlewares\offsite.py", line 29, in process_spider_output
    for x in result:
  File "C:\Python34\lib\site-packages\scrapy\spidermiddlewares\referer.py", line 22, in <genexpr>
    return (_set_referer(r) for r in result or ())
  File "C:\Python34\lib\site-packages\scrapy\spidermiddlewares\urllength.py", line 37, in <genexpr>
    return (r for r in result or () if _filter(r))
  File "C:\Python34\lib\site-packages\scrapy\spidermiddlewares\depth.py", line 58, in <genexpr>
    return (r for r in result or () if _filter(r))
  File "C:\Python34\lib\site-packages\scrapy\spiders\crawl.py", line 74, in _parse_response
    for requests_or_item in iterate_spider_output(cb_res):
  File "D:\project\spiderProject\xinhuaNewsSpider\xinhuaNewsSpider\spiders\spider.py", line 178, in parse_article
    raise ValueError('Page style not in list: ' + response.url)
ValueError: Page style not in list: http://sports.xinhuanet.com/c/2017-11/22/c_1121991514.htm
